2020-07-06 21:58:36.021  INFO 12036 --- [restartedMain] l.m.community.CommunityApplication       : Starting CommunityApplication on LAPTOP-TTT0CP1B with PID 12036 (D:\004JavaProject\community\community\target\classes started by 94092 in D:\004JavaProject\community\community)
2020-07-06 21:58:36.021  INFO 12036 --- [restartedMain] l.m.community.CommunityApplication       : No active profile set, falling back to default profiles: default
2020-07-06 21:58:36.162  INFO 12036 --- [restartedMain] .e.DevToolsPropertyDefaultsPostProcessor : Devtools property defaults active! Set 'spring.devtools.add-properties' to 'false' to disable
2020-07-06 21:58:36.205  INFO 12036 --- [restartedMain] .e.DevToolsPropertyDefaultsPostProcessor : For additional web related logging consider setting the 'logging.level.web' property to 'DEBUG'
2020-07-06 21:58:38.619  INFO 12036 --- [restartedMain] o.s.b.w.embedded.tomcat.TomcatWebServer  : Tomcat initialized with port(s): 8887 (http)
2020-07-06 21:58:38.634  INFO 12036 --- [restartedMain] o.apache.catalina.core.StandardService   : Starting service [Tomcat]
2020-07-06 21:58:38.634  INFO 12036 --- [restartedMain] org.apache.catalina.core.StandardEngine  : Starting Servlet engine: [Apache Tomcat/9.0.27]
2020-07-06 21:58:38.791  INFO 12036 --- [restartedMain] o.a.c.c.C.[Tomcat].[localhost].[/]       : Initializing Spring embedded WebApplicationContext
2020-07-06 21:58:38.791  INFO 12036 --- [restartedMain] o.s.web.context.ContextLoader            : Root WebApplicationContext: initialization completed in 2586 ms
2020-07-06 21:58:38.853  INFO 12036 --- [restartedMain] com.zaxxer.hikari.HikariDataSource       : HikariPool-1 - Starting...
2020-07-06 21:58:39.159  INFO 12036 --- [restartedMain] com.zaxxer.hikari.HikariDataSource       : HikariPool-1 - Start completed.
2020-07-06 21:58:39.174  INFO 12036 --- [restartedMain] o.s.b.a.h2.H2ConsoleAutoConfiguration    : H2 console available at '/h2-console'. Database available at 'jdbc:h2:~/Community'
2020-07-06 21:58:40.237  INFO 12036 --- [restartedMain] o.s.s.concurrent.ThreadPoolTaskExecutor  : Initializing ExecutorService 'applicationTaskExecutor'
2020-07-06 21:58:40.399  INFO 12036 --- [restartedMain] o.s.b.a.w.s.WelcomePageHandlerMapping    : Adding welcome page template: index
2020-07-06 21:58:40.833  INFO 12036 --- [restartedMain] o.s.b.d.a.OptionalLiveReloadServer       : LiveReload server is running on port 35729
2020-07-06 21:58:40.930  INFO 12036 --- [restartedMain] o.s.b.w.embedded.tomcat.TomcatWebServer  : Tomcat started on port(s): 8887 (http) with context path ''
2020-07-06 21:58:40.938  INFO 12036 --- [restartedMain] l.m.community.CommunityApplication       : Started CommunityApplication in 5.591 seconds (JVM running for 7.718)
2020-07-06 21:58:41.026  INFO 12036 --- [http-nio-8887-exec-1] o.a.c.c.C.[Tomcat].[localhost].[/]       : Initializing Spring DispatcherServlet 'dispatcherServlet'
2020-07-06 21:58:41.026  INFO 12036 --- [http-nio-8887-exec-1] o.s.web.servlet.DispatcherServlet        : Initializing Servlet 'dispatcherServlet'
2020-07-06 21:58:41.054  INFO 12036 --- [http-nio-8887-exec-1] o.s.web.servlet.DispatcherServlet        : Completed initialization in 28 ms
2020-07-06 21:58:41.975  WARN 12036 --- [http-nio-8887-exec-1] o.a.c.util.SessionIdGeneratorBase        : Creation of SecureRandom instance for session ID generation using [SHA1PRNG] took [733] milliseconds.
